<?xml version="1.0" encoding="UTF-8"?>
<coverage generated="1394928711">
  <project timestamp="1394928711">
    <package name="CashMachine">
      <file name="C:\Users\a2system\dev\projects\click-bus-test\testes\cash-machine\src/Account.php">
        <class name="Account" namespace="CashMachine">
          <metrics methods="2" coveredmethods="2" conditionals="0" coveredconditionals="0" statements="4" coveredstatements="3" elements="6" coveredelements="5"/>
        </class>
        <line num="21" type="method" name="hasBalance" crap="1" count="3"/>
        <line num="23" type="stmt" count="3"/>
        <line num="32" type="method" name="withdraw" crap="2.15" count="3"/>
        <line num="34" type="stmt" count="3"/>
        <line num="35" type="stmt" count="0"/>
        <line num="38" type="stmt" count="3"/>
        <metrics loc="39" ncloc="23" classes="1" methods="2" coveredmethods="1" conditionals="0" coveredconditionals="0" statements="4" coveredstatements="3" elements="6" coveredelements="4"/>
      </file>
      <file name="C:\Users\a2system\dev\projects\click-bus-test\testes\cash-machine\src/Machine.php">
        <class name="Machine" namespace="CashMachine" fullPackage="CashMachine" package="CashMachine">
          <metrics methods="10" coveredmethods="10" conditionals="0" coveredconditionals="0" statements="49" coveredstatements="49" elements="59" coveredelements="59"/>
        </class>
        <line num="0" type="stmt" count="5"/>
        <line num="21" type="method" name="__construct" crap="1" count="8"/>
        <line num="23" type="stmt" count="8"/>
        <line num="24" type="stmt" count="8"/>
        <line num="25" type="stmt" count="8"/>
        <line num="30" type="method" name="setAccount" crap="1" count="8"/>
        <line num="32" type="stmt" count="8"/>
        <line num="33" type="stmt" count="8"/>
        <line num="38" type="method" name="getAccount" crap="1" count="3"/>
        <line num="40" type="stmt" count="3"/>
        <line num="46" type="method" name="setAvailableNotes" crap="1" count="8"/>
        <line num="48" type="stmt" count="8"/>
        <line num="49" type="stmt" count="8"/>
        <line num="54" type="method" name="getAvailableNotes" crap="1" count="6"/>
        <line num="56" type="stmt" count="6"/>
        <line num="67" type="method" name="withdraw" crap="2" count="7"/>
        <line num="69" type="stmt" count="7"/>
        <line num="70" type="stmt" count="1"/>
        <line num="73" type="stmt" count="6"/>
        <line num="75" type="stmt" count="5"/>
        <line num="77" type="stmt" count="3"/>
        <line num="79" type="stmt" count="3"/>
        <line num="89" type="method" name="hasAvailableNotes" crap="5" count="5"/>
        <line num="91" type="stmt" count="5"/>
        <line num="93" type="stmt" count="5"/>
        <line num="94" type="stmt" count="5"/>
        <line num="95" type="stmt" count="5"/>
        <line num="97" type="stmt" count="5"/>
        <line num="98" type="stmt" count="5"/>
        <line num="99" type="stmt" count="5"/>
        <line num="101" type="stmt" count="5"/>
        <line num="102" type="stmt" count="5"/>
        <line num="103" type="stmt" count="2"/>
        <line num="104" type="stmt" count="2"/>
        <line num="105" type="stmt" count="2"/>
        <line num="107" type="stmt" count="3"/>
        <line num="116" type="method" name="isValid" crap="3" count="6"/>
        <line num="118" type="stmt" count="6"/>
        <line num="119" type="stmt" count="1"/>
        <line num="121" type="stmt" count="5"/>
        <line num="130" type="method" name="convertValueToNotes" crap="7" count="3"/>
        <line num="132" type="stmt" count="3"/>
        <line num="134" type="stmt" count="3"/>
        <line num="135" type="stmt" count="3"/>
        <line num="136" type="stmt" count="3"/>
        <line num="138" type="stmt" count="3"/>
        <line num="140" type="stmt" count="3"/>
        <line num="141" type="stmt" count="3"/>
        <line num="142" type="stmt" count="3"/>
        <line num="143" type="stmt" count="3"/>
        <line num="144" type="stmt" count="3"/>
        <line num="145" type="stmt" count="3"/>
        <line num="146" type="stmt" count="3"/>
        <line num="148" type="stmt" count="3"/>
        <line num="149" type="stmt" count="3"/>
        <line num="151" type="stmt" count="3"/>
        <metrics loc="154" ncloc="106" classes="1" methods="10" coveredmethods="10" conditionals="0" coveredconditionals="0" statements="46" coveredstatements="46" elements="56" coveredelements="56"/>
      </file>
    </package>
    <file name="C:\Users\a2system\dev\projects\click-bus-test\testes\cash-machine\src/AccountInterface.php">
      <metrics loc="26" ncloc="11" classes="0" methods="0" coveredmethods="0" conditionals="0" coveredconditionals="0" statements="0" coveredstatements="0" elements="0" coveredelements="0"/>
    </file>
    <package name="CashMachine\Exception">
      <file name="C:\Users\a2system\dev\projects\click-bus-test\testes\cash-machine\src/Exception/AccountWithoutBalanceException.php">
        <class name="AccountWithoutBalanceException" namespace="CashMachine\Exception">
          <metrics methods="0" coveredmethods="0" conditionals="0" coveredconditionals="0" statements="0" coveredstatements="0" elements="0" coveredelements="0"/>
        </class>
        <metrics loc="7" ncloc="7" classes="1" methods="0" coveredmethods="0" conditionals="0" coveredconditionals="0" statements="0" coveredstatements="0" elements="0" coveredelements="0"/>
      </file>
      <file name="C:\Users\a2system\dev\projects\click-bus-test\testes\cash-machine\src/Exception/NoteUnavailableException.php">
        <class name="NoteUnavailableException" namespace="CashMachine\Exception">
          <metrics methods="0" coveredmethods="0" conditionals="0" coveredconditionals="0" statements="0" coveredstatements="0" elements="0" coveredelements="0"/>
        </class>
        <metrics loc="7" ncloc="7" classes="1" methods="0" coveredmethods="0" conditionals="0" coveredconditionals="0" statements="0" coveredstatements="0" elements="0" coveredelements="0"/>
      </file>
    </package>
    <package name="CashMachine\Test\Unit">
      <file name="C:\Users\a2system\dev\projects\click-bus-test\testes\cash-machine\src/Test/Unit/CashMachineTest.php">
        <class name="CashMachineTest" namespace="CashMachine\Test\Unit">
          <metrics methods="10" coveredmethods="10" conditionals="0" coveredconditionals="0" statements="35" coveredstatements="32" elements="45" coveredelements="42"/>
        </class>
        <line num="0" type="stmt" count="1"/>
        <line num="17" type="method" name="setUp" crap="1" count="8"/>
        <line num="19" type="stmt" count="8"/>
        <line num="20" type="stmt" count="8"/>
        <line num="21" type="stmt" count="8"/>
        <line num="23" type="stmt" count="8"/>
        <line num="24" type="stmt" count="8"/>
        <line num="25" type="stmt" count="8"/>
        <line num="27" type="stmt" count="8"/>
        <line num="28" type="stmt" count="8"/>
        <line num="29" type="stmt" count="8"/>
        <line num="31" type="method" name="tearDown" crap="1" count="8"/>
        <line num="33" type="stmt" count="8"/>
        <line num="34" type="stmt" count="8"/>
        <line num="35" type="stmt" count="8"/>
        <line num="37" type="method" name="testGetAllAvailableNotes" crap="1" count="1"/>
        <line num="39" type="stmt" count="1"/>
        <line num="41" type="stmt" count="1"/>
        <line num="42" type="stmt" count="1"/>
        <line num="44" type="method" name="testIWithdraw30AndGetNotes20And10" crap="1" count="1"/>
        <line num="46" type="stmt" count="1"/>
        <line num="48" type="stmt" count="1"/>
        <line num="49" type="stmt" count="1"/>
        <line num="51" type="method" name="testIWithdraw80AndGetNotes50And20And10" crap="1" count="1"/>
        <line num="53" type="stmt" count="1"/>
        <line num="55" type="stmt" count="1"/>
        <line num="56" type="stmt" count="1"/>
        <line num="62" type="method" name="testITryWithdraw125AndGetANoteUnavailableException" crap="1.12" count="1"/>
        <line num="64" type="stmt" count="1"/>
        <line num="65" type="stmt" count="0"/>
        <line num="71" type="method" name="testMachineHasNotes100And20ButITryWithdraw50SoGetANoteUnavailableException" crap="1.04" count="1"/>
        <line num="73" type="stmt" count="1"/>
        <line num="74" type="stmt" count="1"/>
        <line num="75" type="stmt" count="0"/>
        <line num="77" type="method" name="testMachineHasNotes100And10IWithdraw10AndGetNote10" crap="1" count="1"/>
        <line num="79" type="stmt" count="1"/>
        <line num="80" type="stmt" count="1"/>
        <line num="82" type="stmt" count="1"/>
        <line num="83" type="stmt" count="1"/>
        <line num="89" type="method" name="testITryWithdrawNegative130AndGetAInvalidArgumentException" crap="1.12" count="1"/>
        <line num="91" type="stmt" count="1"/>
        <line num="92" type="stmt" count="0"/>
        <line num="95" type="method" name="testITryWithdrawNullAndIReceiveAnEmptyArray" crap="1" count="1"/>
        <line num="97" type="stmt" count="1"/>
        <line num="99" type="stmt" count="1"/>
        <line num="100" type="stmt" count="1"/>
        <metrics loc="101" ncloc="86" classes="1" methods="10" coveredmethods="7" conditionals="0" coveredconditionals="0" statements="35" coveredstatements="32" elements="45" coveredelements="39"/>
      </file>
    </package>
    <metrics files="6" loc="334" ncloc="240" classes="5" methods="22" coveredmethods="18" conditionals="0" coveredconditionals="0" statements="85" coveredstatements="81" elements="107" coveredelements="99"/>
  </project>
</coverage>
